<?xml version="1.0" encoding="UTF-8"?>
<testng-results skipped="0" failed="0" ignored="0" total="1" passed="1">
  <reporter-output>
  </reporter-output>
  <suite name="Default suite" duration-ms="24009" started-at="2017-08-18T07:05:37Z" finished-at="2017-08-18T07:06:01Z">
    <groups>
    </groups>
    <test name="Default test" duration-ms="24009" started-at="2017-08-18T07:05:37Z" finished-at="2017-08-18T07:06:01Z">
      <class name="sa.keyDriven.TestRun">
        <test-method status="PASS" signature="test()[pri:0, instance:sa.keyDriven.TestRun@3ffc5af1]" name="test" duration-ms="23992" started-at="2017-08-18T12:35:37Z" finished-at="2017-08-18T12:36:01Z">
          <reporter-output>
          </reporter-output>
        </test-method> <!-- test -->
      </class> <!-- sa.keyDriven.TestRun -->
    </test> <!-- Default test -->
  </suite> <!-- Default suite -->
</testng-results>
